Arguments: 
  D:\Program Files\nodejs\node.exe D:\Program Files\nodejs\node_modules\yarn\bin\yarn.js add fast-xml-parser

PATH: 
  C:\Program Files (x86)\Common Files\Oracle\Java\javapath;C:\Program Files\Docker\Docker\Resources\bin;C:\Program Files\ImageMagick-6.9.8-Q16;F:\app\realeve\product\11.2.0\dbhome_1\bin;C:\Program Files (x86)\Intel\iCLS Client\;C:\Program Files\Intel\iCLS Client\;C:\Windows\system32;C:\Windows;C:\Windows\System32\Wbem;C:\Windows\System32\WindowsPowerShell\v1.0\;C:\Program Files (x86)\Intel\Intel(R) Management Engine Components\DAL;C:\Program Files\Intel\Intel(R) Management Engine Components\DAL;C:\Program Files (x86)\Intel\Intel(R) Management Engine Components\IPT;C:\Program Files\Intel\Intel(R) Management Engine Components\IPT;C:\Program Files (x86)\NVIDIA Corporation\PhysX\Common;D:\Program Files (x86)\Microsoft SQL Server\100\Tools\Binn\;D:\Program Files\Microsoft SQL Server\100\Tools\Binn\;D:\Program Files\Microsoft SQL Server\100\DTS\Binn\;D:\Program Files (x86)\Microsoft SQL Server\100\Tools\Binn\VSShell\Common7\IDE\;C:\Program Files (x86)\Microsoft Visual Studio 9.0\Common7\IDE\PrivateAssemblies\;D:\Program Files (x86)\Microsoft SQL Server\100\DTS\Binn\;D:\Program Files\TortoiseSVN\bin;D:\Program Files\Git\cmd;C:\Program Files\MySQL\MySQL Utilities 1.6\;C:\WINDOWS\system32;C:\WINDOWS;C:\WINDOWS\System32\Wbem;C:\WINDOWS\System32\WindowsPowerShell\v1.0\;F:\app\realeve\product\instantclient_11_2;C:\Program Files\IDM Computer Solutions\UltraEdit;E:\wamp\bin\php\php7;D:\Program Files\Microsoft VS Code\bin;C:\WINDOWS\System32\OpenSSH\;D:\Program Files\nodejs\;C:\Program Files\TortoiseGit\bin;C:\Users\realeve\AppData\Local\Microsoft\WindowsApps;D:\Program Files\Microsoft VS Code\bin;D:\Program Files\Python;C:\Python27;C:\Python27\Tools\Scripts;E:\wamp\bin\php\php5.5.12;D:\Program Files;C:\Program Files (x86)\ClockworkMod\Universal Adb Driver\;D:\Program Files\curl;D:\Program Files\Python\Scripts;C:\Users\realeve\AppData\Local\hyper\app-2.0.0\resources\bin;C:\Users\realeve\AppData\Local\hyper;D:\Program Files\nodejs;C:\Users\realeve\AppData\Roaming\npm

Yarn version: 
  1.5.1

Node version: 
  10.8.0

Platform: 
  win32 x64

npm manifest: 
  {
      "name": "prod-distrib-server",
      "devDependencies": {
          "axios": "^0.18.0"
      },
      "scripts": {
          "start": "node ./app.js",
          "www": "cls && node ./bin/www.js"
      },
      "dependencies": {
          "consola": "^1.2.0",
          "koa": "^2.5.1",
          "koa-bodyparser": "^4.2.1",
          "koa-compress": "^3.0.0",
          "koa-router": "^7.4.0",
          "koa2-cors": "^2.0.5",
          "moment": "^2.22.0",
          "qs": "^6.5.1",
          "ramda": "^0.25.0"
      }
  }

yarn manifest: 
  No manifest

Lockfile: 
  No lockfile

Trace: 
  Error: ENOENT: no such file or directory, copyfile 'C:\Users\realeve\AppData\Local\Yarn\Cache\v1\npm-ms-2.1.1-30a5864eb3ebb0a66f2ebe6d727af06a09d86e0a\index.js' -> 'E:\dev\prodDistribServer2018\node_modules\koa-router\node_modules\ms\index.js'
